<?xml version="1.0" encoding="UTF-8"?>
<testng-results skipped="0" failed="0" total="1" passed="1">
  <reporter-output>
  </reporter-output>
  <suite name="Default suite" duration-ms="182" started-at="2020-07-24T05:58:29Z" finished-at="2020-07-24T05:58:29Z">
    <groups>
    </groups>
    <test name="Default test" duration-ms="182" started-at="2020-07-24T05:58:29Z" finished-at="2020-07-24T05:58:29Z">
      <class name="Org.qsp.demotestNG.DemoTestNg1">
        <test-method status="PASS" signature="m1()[pri:0, instance:Org.qsp.demotestNG.DemoTestNg1@548a9f61]" name="m1" duration-ms="102" started-at="2020-07-24T11:28:29Z" finished-at="2020-07-24T11:28:29Z">
          <reporter-output>
          </reporter-output>
        </test-method> <!-- m1 -->
      </class> <!-- Org.qsp.demotestNG.DemoTestNg1 -->
    </test> <!-- Default test -->
  </suite> <!-- Default suite -->
</testng-results>
